Using pre-set license
Built from '2021.3/staging' branch; Version is '2021.3.21f1 (1b156197d683) revision 1774945'; Using compiler version '192829333'; Build Type 'Release'
OS: 'Windows 11  (10.0.22621) 64bit Core' Language: 'ko' Physical Memory: 7865 MB
BatchMode: 1, IsHumanControllingUs: 0, StartBugReporterOnCrash: 0, Is64bit: 1, IsPro: 1

COMMAND LINE ARGUMENTS:
C:\Program Files\Unity\Hub\Editor\2021.3.21f1\Editor\Unity.exe
-adb2
-batchMode
-noUpm
-name
AssetImportWorker0
-projectPath
D:/Cloudy_Weather
-logFile
Logs/AssetImportWorker0.log
-srvPort
63864
Successfully changed project path to: D:/Cloudy_Weather
D:/Cloudy_Weather
[UnityMemory] Configuration Parameters - Can be set up in boot.config
    "memorysetup-bucket-allocator-granularity=16"
    "memorysetup-bucket-allocator-bucket-count=8"
    "memorysetup-bucket-allocator-block-size=33554432"
    "memorysetup-bucket-allocator-block-count=8"
    "memorysetup-main-allocator-block-size=16777216"
    "memorysetup-thread-allocator-block-size=16777216"
    "memorysetup-gfx-main-allocator-block-size=16777216"
    "memorysetup-gfx-thread-allocator-block-size=16777216"
    "memorysetup-cache-allocator-block-size=4194304"
    "memorysetup-typetree-allocator-block-size=2097152"
    "memorysetup-profiler-bucket-allocator-granularity=16"
    "memorysetup-profiler-bucket-allocator-bucket-count=8"
    "memorysetup-profiler-bucket-allocator-block-size=33554432"
    "memorysetup-profiler-bucket-allocator-block-count=8"
    "memorysetup-profiler-allocator-block-size=16777216"
    "memorysetup-profiler-editor-allocator-block-size=1048576"
    "memorysetup-temp-allocator-size-main=16777216"
    "memorysetup-job-temp-allocator-block-size=2097152"
    "memorysetup-job-temp-allocator-block-size-background=1048576"
    "memorysetup-job-temp-allocator-reduction-small-platforms=262144"
    "memorysetup-temp-allocator-size-background-worker=32768"
    "memorysetup-temp-allocator-size-job-worker=262144"
    "memorysetup-temp-allocator-size-preload-manager=33554432"
    "memorysetup-temp-allocator-size-nav-mesh-worker=65536"
    "memorysetup-temp-allocator-size-audio-worker=65536"
    "memorysetup-temp-allocator-size-cloud-worker=32768"
    "memorysetup-temp-allocator-size-gi-baking-worker=262144"
    "memorysetup-temp-allocator-size-gfx=262144"
Player connection [23152] Host "[IP] 192.168.35.27 [Port] 0 [Flags] 2 [Guid] 1565592690 [EditorId] 1565592690 [Version] 1048832 [Id] WindowsEditor(7,LAPTOP-I7HVA3IA) [Debug] 1 [PackageName] WindowsEditor [ProjectName] Editor" joined multi-casting on [225.0.0.222:54997]...

Player connection [23152] Host "[IP] 192.168.35.27 [Port] 0 [Flags] 2 [Guid] 1565592690 [EditorId] 1565592690 [Version] 1048832 [Id] WindowsEditor(7,LAPTOP-I7HVA3IA) [Debug] 1 [PackageName] WindowsEditor [ProjectName] Editor" joined alternative multi-casting on [225.0.0.222:34997]...

Refreshing native plugins compatible for Editor in 128.15 ms, found 3 plugins.
Preloading 0 native plugins for Editor in 0.00 ms.
Initialize engine version: 2021.3.21f1 (1b156197d683)
[Subsystems] Discovering subsystems at path C:/Program Files/Unity/Hub/Editor/2021.3.21f1/Editor/Data/Resources/UnitySubsystems
[Subsystems] Discovering subsystems at path D:/Cloudy_Weather/Assets
GfxDevice: creating device client; threaded=0; jobified=0
Direct3D:
    Version:  Direct3D 11.0 [level 11.1]
    Renderer: NVIDIA GeForce MX450 (ID=0x1f97)
    Vendor:   NVIDIA
    VRAM:     1928 MB
    Driver:   27.21.14.5256
Initialize mono
Mono path[0] = 'C:/Program Files/Unity/Hub/Editor/2021.3.21f1/Editor/Data/Managed'
Mono path[1] = 'C:/Program Files/Unity/Hub/Editor/2021.3.21f1/Editor/Data/MonoBleedingEdge/lib/mono/unityjit-win32'
Mono config path = 'C:/Program Files/Unity/Hub/Editor/2021.3.21f1/Editor/Data/MonoBleedingEdge/etc'
Using monoOptions --debugger-agent=transport=dt_socket,embedding=1,server=y,suspend=n,address=127.0.0.1:56264
Begin MonoManager ReloadAssembly
Registering precompiled unity dll's ...
Register platform support module: C:/Program Files/Unity/Hub/Editor/2021.3.21f1/Editor/Data/PlaybackEngines/WindowsStandaloneSupport/UnityEditor.WindowsStandalone.Extensions.dll
Registered in 0.011690 seconds.
Native extension for WindowsStandalone target not found
Refreshing native plugins compatible for Editor in 114.62 ms, found 3 plugins.
Preloading 0 native plugins for Editor in 0.00 ms.
Mono: successfully reloaded assembly
- Completed reload, in  0.765 seconds
Domain Reload Profiling:
	ReloadAssembly (765ms)
		BeginReloadAssembly (115ms)
			ExecutionOrderSort (0ms)
			DisableScriptedObjects (0ms)
			BackupInstance (0ms)
			ReleaseScriptingObjects (0ms)
			CreateAndSetChildDomain (1ms)
		EndReloadAssembly (538ms)
			LoadAssemblies (112ms)
			RebuildTransferFunctionScriptingTraits (0ms)
			SetupTypeCache (138ms)
			ReleaseScriptCaches (0ms)
			RebuildScriptCaches (29ms)
			SetupLoadedEditorAssemblies (310ms)
				LogAssemblyErrors (0ms)
				InitializePlatformSupportModulesInManaged (8ms)
				SetLoadedEditorAssemblies (0ms)
				RefreshPlugins (115ms)
				BeforeProcessingInitializeOnLoad (1ms)
				ProcessInitializeOnLoadAttributes (137ms)
				ProcessInitializeOnLoadMethodAttributes (48ms)
				AfterProcessingInitializeOnLoad (0ms)
				EditorAssembliesLoaded (0ms)
			ExecutionOrderSort2 (0ms)
			AwakeInstancesAfterBackupRestoration (0ms)
Platform modules already initialized, skipping
Registering precompiled user dll's ...
Registered in 0.006130 seconds.
Begin MonoManager ReloadAssembly
Symbol file LoadedFromMemory doesn't match image D:\Cloudy_Weather\Library\PackageCache\com.unity.visualscripting@1.8.0\Editor\VisualScripting.Core\Dependencies\YamlDotNet\Unity.VisualScripting.YamlDotNet.dll
Symbol file LoadedFromMemory doesn't match image D:\Cloudy_Weather\Library\PackageCache\com.unity.visualscripting@1.8.0\Editor\VisualScripting.Core\Dependencies\DotNetZip\Unity.VisualScripting.IonicZip.dll
Native extension for WindowsStandalone target not found
Refreshing native plugins compatible for Editor in 129.41 ms, found 3 plugins.
Preloading 0 native plugins for Editor in 0.00 ms.
Mono: successfully reloaded assembly
- Completed reload, in  1.568 seconds
Domain Reload Profiling:
	ReloadAssembly (1569ms)
		BeginReloadAssembly (169ms)
			ExecutionOrderSort (0ms)
			DisableScriptedObjects (7ms)
			BackupInstance (0ms)
			ReleaseScriptingObjects (1ms)
			CreateAndSetChildDomain (28ms)
		EndReloadAssembly (1268ms)
			LoadAssemblies (158ms)
			RebuildTransferFunctionScriptingTraits (0ms)
			SetupTypeCache (278ms)
			ReleaseScriptCaches (1ms)
			RebuildScriptCaches (73ms)
			SetupLoadedEditorAssemblies (743ms)
				LogAssemblyErrors (0ms)
				InitializePlatformSupportModulesInManaged (5ms)
				SetLoadedEditorAssemblies (0ms)
				RefreshPlugins (130ms)
				BeforeProcessingInitializeOnLoad (114ms)
				ProcessInitializeOnLoadAttributes (432ms)
				ProcessInitializeOnLoadMethodAttributes (52ms)
				AfterProcessingInitializeOnLoad (11ms)
				EditorAssembliesLoaded (0ms)
			ExecutionOrderSort2 (0ms)
			AwakeInstancesAfterBackupRestoration (7ms)
Platform modules already initialized, skipping
========================================================================
Worker process is ready to serve import requests
You are currently using different render pipeline assets for the graphics settings (Project Settings > Graphics) and quality settings (Project Settings > Quality). This may lead to unintended behavior for ProPixelizer.
UnityEngine.StackTraceUtility:ExtractStackTrace ()
UnityEngine.DebugLogHandler:LogFormat (UnityEngine.LogType,UnityEngine.Object,string,object[])
UnityEngine.Logger:Log (UnityEngine.LogType,object)
UnityEngine.Debug:LogWarning (object)
ProPixelizer.ProPixelizerVerification:Check () (at Assets/ProPixelizer/Tools/Package/ProPixelizerVerification.cs:54)
PixelisationFeature:Create () (at Assets/ProPixelizer/SRP/PixelisationFeature.cs:40)
UnityEngine.Rendering.Universal.ScriptableRendererFeature:OnValidate () (at Library/PackageCache/com.unity.render-pipelines.universal@12.1.10/Runtime/ScriptableRendererFeature.cs:46)

(Filename: Assets/ProPixelizer/Tools/Package/ProPixelizerVerification.cs Line: 54)

The ShaderGraph Variant Limit is currently set to a value of 128. The ProPixelizer appearance shader will not compile unless this variant is raised, and your shaders will appear pink. Please increase this limit, e.g. to 256, by changing Preferences > ShaderGraph > Shader Variant Limit. Afterwards, reimport the ProPixelizer folder.
UnityEngine.StackTraceUtility:ExtractStackTrace ()
UnityEngine.DebugLogHandler:LogFormat (UnityEngine.LogType,UnityEngine.Object,string,object[])
UnityEngine.Logger:Log (UnityEngine.LogType,object)
UnityEngine.Debug:LogWarning (object)
ProPixelizer.ProPixelizerVerification:Check () (at Assets/ProPixelizer/Tools/Package/ProPixelizerVerification.cs:61)
PixelisationFeature:Create () (at Assets/ProPixelizer/SRP/PixelisationFeature.cs:40)
UnityEngine.Rendering.Universal.ScriptableRendererFeature:OnValidate () (at Library/PackageCache/com.unity.render-pipelines.universal@12.1.10/Runtime/ScriptableRendererFeature.cs:46)

(Filename: Assets/ProPixelizer/Tools/Package/ProPixelizerVerification.cs Line: 61)

You are currently using different render pipeline assets for the graphics settings (Project Settings > Graphics) and quality settings (Project Settings > Quality). This may lead to unintended behavior for ProPixelizer.
UnityEngine.StackTraceUtility:ExtractStackTrace ()
UnityEngine.DebugLogHandler:LogFormat (UnityEngine.LogType,UnityEngine.Object,string,object[])
UnityEngine.Logger:Log (UnityEngine.LogType,object)
UnityEngine.Debug:LogWarning (object)
ProPixelizer.ProPixelizerVerification:Check () (at Assets/ProPixelizer/Tools/Package/ProPixelizerVerification.cs:54)
PixelisationFeature:Create () (at Assets/ProPixelizer/SRP/PixelisationFeature.cs:40)
UnityEngine.Rendering.Universal.ScriptableRendererFeature:OnEnable () (at Library/PackageCache/com.unity.render-pipelines.universal@12.1.10/Runtime/ScriptableRendererFeature.cs:41)

(Filename: Assets/ProPixelizer/Tools/Package/ProPixelizerVerification.cs Line: 54)

The ShaderGraph Variant Limit is currently set to a value of 128. The ProPixelizer appearance shader will not compile unless this variant is raised, and your shaders will appear pink. Please increase this limit, e.g. to 256, by changing Preferences > ShaderGraph > Shader Variant Limit. Afterwards, reimport the ProPixelizer folder.
UnityEngine.StackTraceUtility:ExtractStackTrace ()
UnityEngine.DebugLogHandler:LogFormat (UnityEngine.LogType,UnityEngine.Object,string,object[])
UnityEngine.Logger:Log (UnityEngine.LogType,object)
UnityEngine.Debug:LogWarning (object)
ProPixelizer.ProPixelizerVerification:Check () (at Assets/ProPixelizer/Tools/Package/ProPixelizerVerification.cs:61)
PixelisationFeature:Create () (at Assets/ProPixelizer/SRP/PixelisationFeature.cs:40)
UnityEngine.Rendering.Universal.ScriptableRendererFeature:OnEnable () (at Library/PackageCache/com.unity.render-pipelines.universal@12.1.10/Runtime/ScriptableRendererFeature.cs:41)

(Filename: Assets/ProPixelizer/Tools/Package/ProPixelizerVerification.cs Line: 61)

Launched and connected shader compiler UnityShaderCompiler.exe after 0.08 seconds
Refreshing native plugins compatible for Editor in 1.53 ms, found 3 plugins.
Preloading 0 native plugins for Editor in 0.00 ms.
Unloading 4953 Unused Serialized files (Serialized files now loaded: 0)
Unloading 33 unused Assets / (3.9 MB). Loaded Objects now: 5412.
Memory consumption went from 205.4 MB to 201.5 MB.
Total: 7.343000 ms (FindLiveObjects: 0.542700 ms CreateObjectMapping: 0.363600 ms MarkObjects: 5.484000 ms  DeleteObjects: 0.950400 ms)

AssetImportParameters requested are different than current active one (requested -> active):
  custom:video-decoder-ogg-theora: a1e56fd34408186e4bbccfd4996cb3dc -> 
  custom:container-muxer-webm: aa71ff27fc2769a1b78a27578f13a17b -> 
  custom:container-demuxer-webm: 4f35f7cbe854078d1ac9338744f61a02 -> 
  custom:video-encoder-webm-vp8: eb34c28f22e8b96e1ab97ce403110664 -> 
  custom:video-codec-MediaFoundation-h265: 746d11721c4dcdbdad8f713fa42b33f4 -> 
  custom:audio-encoder-webm-vorbis: bf7c407c2cedff20999df2af8eb42d56 -> 
  custom:framework-win-MediaFoundation: 216162199b28c13a410421893ffa2e32 -> 
  custom:container-demuxer-ogg: 62fdf1f143b41e24485cea50d1cbac27 -> 
  custom:video-decoder-webm-vp8: 9c59270c3fd7afecdb556c50c9e8de78 -> 
  custom:audio-decoder-ogg-vorbis: bf7c407c2cedff20999df2af8eb42d56 -> 
========================================================================
Received Import Request.
  Time since last request: 678986.455837 seconds.
  path: Assets/Easy Character Movement
  artifactKey: Guid(b480724b107f1d24fbeae787874443f3) Importer(815301076,1909f56bfc062723c751e8b465ee728b)
Start importing Assets/Easy Character Movement using Guid(b480724b107f1d24fbeae787874443f3) Importer(815301076,1909f56bfc062723c751e8b465ee728b)  -> (artifact id: 'a06188a68b78f9b235af49361368a1f0') in 0.033218 seconds 
========================================================================
Received Import Request.
  Time since last request: 0.000054 seconds.
  path: Assets/BattleRoyaleHeroesPBR
  artifactKey: Guid(b8e8a584c4e8c6a4abbbd14d0a056ab2) Importer(815301076,1909f56bfc062723c751e8b465ee728b)
Start importing Assets/BattleRoyaleHeroesPBR using Guid(b8e8a584c4e8c6a4abbbd14d0a056ab2) Importer(815301076,1909f56bfc062723c751e8b465ee728b)  -> (artifact id: '97e8a5a8daac5a1bcb5f9c265be16c7e') in 0.004605 seconds 
========================================================================
Received Import Request.
  Time since last request: 1.753951 seconds.
  path: Assets/ProPixelizer
  artifactKey: Guid(b37fd5f54b870ec48a94d548cb53687e) Importer(815301076,1909f56bfc062723c751e8b465ee728b)
Start importing Assets/ProPixelizer using Guid(b37fd5f54b870ec48a94d548cb53687e) Importer(815301076,1909f56bfc062723c751e8b465ee728b)  -> (artifact id: '7f15b6bdff260ecb5c75f668167e863b') in 0.003637 seconds 
========================================================================
Received Import Request.
  Time since last request: 7.504051 seconds.
  path: Assets/Snow_Girl/Meshes/Snow_Girl 1.fbx
  artifactKey: Guid(7a2cbf9cc15aad8428f5227fd2b211c4) Importer(815301076,1909f56bfc062723c751e8b465ee728b)
Start importing Assets/Snow_Girl/Meshes/Snow_Girl 1.fbx using Guid(7a2cbf9cc15aad8428f5227fd2b211c4) Importer(815301076,1909f56bfc062723c751e8b465ee728b) You are currently using different render pipeline assets for the graphics settings (Project Settings > Graphics) and quality settings (Project Settings > Quality). This may lead to unintended behavior for ProPixelizer.
UnityEngine.StackTraceUtility:ExtractStackTrace ()
UnityEngine.DebugLogHandler:LogFormat (UnityEngine.LogType,UnityEngine.Object,string,object[])
UnityEngine.Logger:Log (UnityEngine.LogType,object)
UnityEngine.Debug:LogWarning (object)
ProPixelizer.ProPixelizerVerification:Check () (at Assets/ProPixelizer/Tools/Package/ProPixelizerVerification.cs:54)
PixelisationFeature:Create () (at Assets/ProPixelizer/SRP/PixelisationFeature.cs:40)
UnityEngine.Rendering.Universal.ScriptableRenderer:.ctor (UnityEngine.Rendering.Universal.ScriptableRendererData) (at Library/PackageCache/com.unity.render-pipelines.universal@12.1.10/Runtime/ScriptableRenderer.cs:539)
UnityEngine.Rendering.Universal.UniversalRenderer:.ctor (UnityEngine.Rendering.Universal.UniversalRendererData) (at Library/PackageCache/com.unity.render-pipelines.universal@12.1.10/Runtime/UniversalRenderer.cs:169)
UnityEngine.Rendering.Universal.UniversalRendererData:Create () (at Library/PackageCache/com.unity.render-pipelines.universal@12.1.10/Runtime/UniversalRendererData.cs:129)
UnityEngine.Rendering.Universal.ScriptableRendererData:InternalCreateRenderer () (at Library/PackageCache/com.unity.render-pipelines.universal@12.1.10/Runtime/ScriptableRendererData.cs:72)
UnityEngine.Rendering.Universal.UniversalRenderPipelineAsset:CreateRenderers () (at Library/PackageCache/com.unity.render-pipelines.universal@12.1.10/Runtime/Data/UniversalRenderPipelineAsset.cs:526)
UnityEngine.Rendering.Universal.UniversalRenderPipelineAsset:CreatePipeline () (at Library/PackageCache/com.unity.render-pipelines.universal@12.1.10/Runtime/Data/UniversalRenderPipelineAsset.cs:476)
UnityEngine.Rendering.RenderPipelineAsset:InternalCreatePipeline ()
UnityEngine.Rendering.RenderPipelineManager:PrepareRenderPipeline (UnityEngine.Rendering.RenderPipelineAsset)
UnityEngine.Rendering.RenderPipelineManager:DoRenderLoop_Internal (UnityEngine.Rendering.RenderPipelineAsset,intptr,System.Collections.Generic.List`1<UnityEngine.Camera/RenderRequest>,Unity.Collections.LowLevel.Unsafe.AtomicSafetyHandle)
UnityEditor.PreviewRenderUtility:Render (bool,bool)
UnityEditor.GameObjectInspector:DoRenderPreview ()
UnityEditor.GameObjectInspector:RenderStaticPreview (string,UnityEngine.Object[],int,int)
UnityEditor.AssetPreviewUpdater:CreatePreview (UnityEngine.Object,UnityEngine.Object[],string,int,int)
UnityEditor.AssetPreviewUpdater:CreatePreviewForAsset (UnityEngine.Object,UnityEngine.Object[],string)

(Filename: Assets/ProPixelizer/Tools/Package/ProPixelizerVerification.cs Line: 54)

The ShaderGraph Variant Limit is currently set to a value of 128. The ProPixelizer appearance shader will not compile unless this variant is raised, and your shaders will appear pink. Please increase this limit, e.g. to 256, by changing Preferences > ShaderGraph > Shader Variant Limit. Afterwards, reimport the ProPixelizer folder.
UnityEngine.StackTraceUtility:ExtractStackTrace ()
UnityEngine.DebugLogHandler:LogFormat (UnityEngine.LogType,UnityEngine.Object,string,object[])
UnityEngine.Logger:Log (UnityEngine.LogType,object)
UnityEngine.Debug:LogWarning (object)
ProPixelizer.ProPixelizerVerification:Check () (at Assets/ProPixelizer/Tools/Package/ProPixelizerVerification.cs:61)
PixelisationFeature:Create () (at Assets/ProPixelizer/SRP/PixelisationFeature.cs:40)
UnityEngine.Rendering.Universal.ScriptableRenderer:.ctor (UnityEngine.Rendering.Universal.ScriptableRendererData) (at Library/PackageCache/com.unity.render-pipelines.universal@12.1.10/Runtime/ScriptableRenderer.cs:539)
UnityEngine.Rendering.Universal.UniversalRenderer:.ctor (UnityEngine.Rendering.Universal.UniversalRendererData) (at Library/PackageCache/com.unity.render-pipelines.universal@12.1.10/Runtime/UniversalRenderer.cs:169)
UnityEngine.Rendering.Universal.UniversalRendererData:Create () (at Library/PackageCache/com.unity.render-pipelines.universal@12.1.10/Runtime/UniversalRendererData.cs:129)
UnityEngine.Rendering.Universal.ScriptableRendererData:InternalCreateRenderer () (at Library/PackageCache/com.unity.render-pipelines.universal@12.1.10/Runtime/ScriptableRendererData.cs:72)
UnityEngine.Rendering.Universal.UniversalRenderPipelineAsset:CreateRenderers () (at Library/PackageCache/com.unity.render-pipelines.universal@12.1.10/Runtime/Data/UniversalRenderPipelineAsset.cs:526)
UnityEngine.Rendering.Universal.UniversalRenderPipelineAsset:CreatePipeline () (at Library/PackageCache/com.unity.render-pipelines.universal@12.1.10/Runtime/Data/UniversalRenderPipelineAsset.cs:476)
UnityEngine.Rendering.RenderPipelineAsset:InternalCreatePipeline ()
UnityEngine.Rendering.RenderPipelineManager:PrepareRenderPipeline (UnityEngine.Rendering.RenderPipelineAsset)
UnityEngine.Rendering.RenderPipelineManager:DoRenderLoop_Internal (UnityEngine.Rendering.RenderPipelineAsset,intptr,System.Collections.Generic.List`1<UnityEngine.Camera/RenderRequest>,Unity.Collections.LowLevel.Unsafe.AtomicSafetyHandle)
UnityEditor.PreviewRenderUtility:Render (bool,bool)
UnityEditor.GameObjectInspector:DoRenderPreview ()
UnityEditor.GameObjectInspector:RenderStaticPreview (string,UnityEngine.Object[],int,int)
UnityEditor.AssetPreviewUpdater:CreatePreview (UnityEngine.Object,UnityEngine.Object[],string,int,int)
UnityEditor.AssetPreviewUpdater:CreatePreviewForAsset (UnityEngine.Object,UnityEngine.Object[],string)

(Filename: Assets/ProPixelizer/Tools/Package/ProPixelizerVerification.cs Line: 61)

 -> (artifact id: '67bdc8c3770f08ee663906b0b9993282') in 0.466149 seconds 
